\BOOKMARK [1][-]{section.1}{Introduction}{}% 1
\BOOKMARK [1][-]{section.2}{Basics}{}% 2
\BOOKMARK [2][-]{subsection.2.1}{Hello world}{section.2}% 3
\BOOKMARK [2][-]{subsection.2.2}{Comment out}{section.2}% 4
\BOOKMARK [2][-]{subsection.2.3}{Number}{section.2}% 5
\BOOKMARK [2][-]{subsection.2.4}{Arithmetic}{section.2}% 6
\BOOKMARK [2][-]{subsection.2.5}{Print}{section.2}% 7
\BOOKMARK [2][-]{subsection.2.6}{One-liner and multiple lines}{section.2}% 8
\BOOKMARK [2][-]{subsection.2.7}{How the main function works}{section.2}% 9
\BOOKMARK [2][-]{subsection.2.8}{Lists}{section.2}% 10
\BOOKMARK [2][-]{subsection.2.9}{Joint lists}{section.2}% 11
\BOOKMARK [2][-]{subsection.2.10}{List comparison}{section.2}% 12
\BOOKMARK [2][-]{subsection.2.11}{Set \(list\) comprehension}{section.2}% 13
\BOOKMARK [2][-]{subsection.2.12}{Tupule}{section.2}% 14
\BOOKMARK [2][-]{subsection.2.13}{If-statement}{section.2}% 15
\BOOKMARK [2][-]{subsection.2.14}{Function}{section.2}% 16
\BOOKMARK [2][-]{subsection.2.15}{Recursive function}{section.2}% 17
\BOOKMARK [2][-]{subsection.2.16}{let and case}{section.2}% 18
\BOOKMARK [2][-]{subsection.2.17}{Declare data types}{section.2}% 19
\BOOKMARK [2][-]{subsection.2.18}{Type classes}{section.2}% 20
\BOOKMARK [2][-]{subsection.2.19}{Type of functions}{section.2}% 21
\BOOKMARK [1][-]{section.3}{Practice}{}% 22
\BOOKMARK [1][-]{section.4}{Things which I got stuck to}{}% 23
\BOOKMARK [1][-]{section.5}{Terminology}{}% 24
